<?xml version="1.0" encoding="UTF-8"?>
<robot generator="Robot 7.3.2 (Python 3.13.5 on win32)" generated="2025-07-22T12:16:45.986970" rpa="false" schemaversion="5">
<suite id="s1" name="Preenchimento Correto" source="C:\Users\felip\Desktop\curso-robot\preenchimento_correto.robot">
<test id="s1-t1" name="Verificar se ao preencher corretamente o formulário os dados são inseridos corretamente na lista e se um novo card é criado no time esperado" line="24">
<kw name="Dado que eu acesse o Organo" owner="setup_teardown" type="SETUP">
<kw name="Open Browser" owner="SeleniumLibrary">
<msg time="2025-07-22T12:16:46.519643" level="INFO">Opening browser 'Chrome' to base url 'http://localhost:3000/'.</msg>
<arg>url=http://localhost:3000/</arg>
<arg>browser=Chrome</arg>
<doc>Opens a new browser instance to the optional ``url``.</doc>
<status status="PASS" start="2025-07-22T12:16:46.519275" elapsed="2.661343"/>
</kw>
<status status="PASS" start="2025-07-22T12:16:46.518216" elapsed="2.663298"/>
</kw>
<kw name="Dado que eu acesse o Organo" owner="setup_teardown">
<kw name="Open Browser" owner="SeleniumLibrary">
<msg time="2025-07-22T12:16:49.193713" level="INFO">Opening browser 'Chrome' to base url 'http://localhost:3000/'.</msg>
<arg>url=http://localhost:3000/</arg>
<arg>browser=Chrome</arg>
<doc>Opens a new browser instance to the optional ``url``.</doc>
<status status="PASS" start="2025-07-22T12:16:49.189636" elapsed="4.121866"/>
</kw>
<status status="PASS" start="2025-07-22T12:16:49.185349" elapsed="4.126731"/>
</kw>
<kw name="E preencha os campos do formulário">
<msg time="2025-07-22T12:16:53.317673" level="FAIL">No keyword with name 'E preencha os campos do formulário' found. Did you mean:
    Dado que eu preencha os campos do formulário</msg>
<status status="FAIL" start="2025-07-22T12:16:53.317413" elapsed="0.000470">No keyword with name 'E preencha os campos do formulário' found. Did you mean:
    Dado que eu preencha os campos do formulário</status>
</kw>
<kw name="E clique no botão criar card">
<status status="NOT RUN" start="2025-07-22T12:16:53.318862" elapsed="0.000110"/>
</kw>
<kw name="Então identificar o card no time esperado">
<status status="NOT RUN" start="2025-07-22T12:16:53.319554" elapsed="0.000094"/>
</kw>
<kw name="Fechar o navegador" owner="setup_teardown" type="TEARDOWN">
<kw name="Close Browser" owner="SeleniumLibrary">
<doc>Closes the current browser.</doc>
<status status="PASS" start="2025-07-22T12:16:53.321573" elapsed="3.637838"/>
</kw>
<status status="PASS" start="2025-07-22T12:16:53.320649" elapsed="3.639961"/>
</kw>
<status status="FAIL" start="2025-07-22T12:16:46.516782" elapsed="10.445415">No keyword with name 'E preencha os campos do formulário' found. Did you mean:
    Dado que eu preencha os campos do formulário</status>
</test>
<status status="FAIL" start="2025-07-22T12:16:45.989016" elapsed="10.978909"/>
</suite>
<statistics>
<total>
<stat pass="0" fail="1" skip="0">All Tests</stat>
</total>
<tag>
</tag>
<suite>
<stat name="Preenchimento Correto" id="s1" pass="0" fail="1" skip="0">Preenchimento Correto</stat>
</suite>
</statistics>
<errors>
</errors>
</robot>
